

Started GET "/" for 50.38.55.251 at 2015-06-25 13:45:21 -0700
Processing by Rails::WelcomeController#index as HTML
  Rendered /home/jasper/.gem/ruby/2.0/gems/railties-4.2.2/lib/rails/templates/rails/welcome/index.html.erb (1.2ms)
Completed 200 OK in 5ms (Views: 4.8ms | ActiveRecord: 0.0ms)


Started GET "/" for 50.38.55.251 at 2015-06-25 14:15:33 -0700
Processing by SessionsController#new as HTML
  Rendered sessions/new.html.erb (0.9ms)
Completed 200 OK in 5ms (Views: 4.5ms | ActiveRecord: 0.0ms)


Started GET "/auth/google_oauth2" for 50.38.55.251 at 2015-06-25 14:15:36 -0700


Started GET "/auth/google_oauth2/callback" for 50.38.55.251 at 2015-06-25 14:16:10 -0700

OmniAuth::Strategies::OAuth2::CallbackError (csrf_detected | CSRF detected):
  omniauth (1.2.2) lib/omniauth/failure_endpoint.rb:25:in `raise_out!'
  omniauth (1.2.2) lib/omniauth/failure_endpoint.rb:20:in `call'
  omniauth (1.2.2) lib/omniauth/failure_endpoint.rb:12:in `call'
  omniauth (1.2.2) lib/omniauth/strategy.rb:475:in `fail!'
  omniauth-oauth2 (1.3.1) lib/omniauth/strategies/oauth2.rb:75:in `callback_phase'
  omniauth (1.2.2) lib/omniauth/strategy.rb:227:in `callback_call'
  omniauth (1.2.2) lib/omniauth/strategy.rb:184:in `call!'
  omniauth (1.2.2) lib/omniauth/strategy.rb:164:in `call'
  omniauth (1.2.2) lib/omniauth/builder.rb:59:in `call'
  rack (1.6.4) lib/rack/etag.rb:24:in `call'
  rack (1.6.4) lib/rack/conditionalget.rb:25:in `call'
  rack (1.6.4) lib/rack/head.rb:13:in `call'
  actionpack (4.2.2) lib/action_dispatch/middleware/params_parser.rb:27:in `call'
  actionpack (4.2.2) lib/action_dispatch/middleware/flash.rb:260:in `call'
  rack (1.6.4) lib/rack/session/abstract/id.rb:225:in `context'
  rack (1.6.4) lib/rack/session/abstract/id.rb:220:in `call'
  actionpack (4.2.2) lib/action_dispatch/middleware/cookies.rb:560:in `call'
  activerecord (4.2.2) lib/active_record/query_cache.rb:36:in `call'
  activerecord (4.2.2) lib/active_record/connection_adapters/abstract/connection_pool.rb:649:in `call'
  activerecord (4.2.2) lib/active_record/migration.rb:378:in `call'
  actionpack (4.2.2) lib/action_dispatch/middleware/callbacks.rb:29:in `block in call'
  activesupport (4.2.2) lib/active_support/callbacks.rb:88:in `call'
  activesupport (4.2.2) lib/active_support/callbacks.rb:88:in `_run_callbacks'
  activesupport (4.2.2) lib/active_support/callbacks.rb:776:in `_run_call_callbacks'
  activesupport (4.2.2) lib/active_support/callbacks.rb:81:in `run_callbacks'
  actionpack (4.2.2) lib/action_dispatch/middleware/callbacks.rb:27:in `call'
  actionpack (4.2.2) lib/action_dispatch/middleware/reloader.rb:73:in `call'
  actionpack (4.2.2) lib/action_dispatch/middleware/remote_ip.rb:78:in `call'
  actionpack (4.2.2) lib/action_dispatch/middleware/debug_exceptions.rb:17:in `call'
  actionpack (4.2.2) lib/action_dispatch/middleware/show_exceptions.rb:30:in `call'
  railties (4.2.2) lib/rails/rack/logger.rb:38:in `call_app'
  railties (4.2.2) lib/rails/rack/logger.rb:20:in `block in call'
  activesupport (4.2.2) lib/active_support/tagged_logging.rb:68:in `block in tagged'
  activesupport (4.2.2) lib/active_support/tagged_logging.rb:26:in `tagged'
  activesupport (4.2.2) lib/active_support/tagged_logging.rb:68:in `tagged'
  railties (4.2.2) lib/rails/rack/logger.rb:20:in `call'
  actionpack (4.2.2) lib/action_dispatch/middleware/request_id.rb:21:in `call'
  rack (1.6.4) lib/rack/methodoverride.rb:22:in `call'
  rack (1.6.4) lib/rack/runtime.rb:18:in `call'
  activesupport (4.2.2) lib/active_support/cache/strategy/local_cache_middleware.rb:28:in `call'
  rack (1.6.4) lib/rack/lock.rb:17:in `call'
  actionpack (4.2.2) lib/action_dispatch/middleware/static.rb:113:in `call'
  rack (1.6.4) lib/rack/sendfile.rb:113:in `call'
  railties (4.2.2) lib/rails/engine.rb:518:in `call'
  railties (4.2.2) lib/rails/application.rb:164:in `call'
  rack (1.6.4) lib/rack/lock.rb:17:in `call'
  rack (1.6.4) lib/rack/content_length.rb:15:in `call'
  rack (1.6.4) lib/rack/handler/webrick.rb:88:in `service'
  /usr/local/lib/ruby/2.0/webrick/httpserver.rb:138:in `service'
  /usr/local/lib/ruby/2.0/webrick/httpserver.rb:94:in `run'
  /usr/local/lib/ruby/2.0/webrick/server.rb:295:in `block in start_thread'


  Rendered /home/jasper/.gem/ruby/2.0/gems/actionpack-4.2.2/lib/action_dispatch/middleware/templates/rescues/_source.erb (2.7ms)
  Rendered /home/jasper/.gem/ruby/2.0/gems/actionpack-4.2.2/lib/action_dispatch/middleware/templates/rescues/_trace.html.erb (1.4ms)
  Rendered /home/jasper/.gem/ruby/2.0/gems/actionpack-4.2.2/lib/action_dispatch/middleware/templates/rescues/_request_and_response.html.erb (0.6ms)
  Rendered /home/jasper/.gem/ruby/2.0/gems/actionpack-4.2.2/lib/action_dispatch/middleware/templates/rescues/diagnostics.html.erb within rescues/layout (14.7ms)


Started GET "/auth/google_oauth2" for 50.38.55.251 at 2015-06-25 14:17:28 -0700


Started GET "/auth/google_oauth2/callback" for 50.38.55.251 at 2015-06-25 14:17:41 -0700

OmniAuth::Strategies::OAuth2::CallbackError (csrf_detected | CSRF detected):
  omniauth (1.2.2) lib/omniauth/failure_endpoint.rb:25:in `raise_out!'
  omniauth (1.2.2) lib/omniauth/failure_endpoint.rb:20:in `call'
  omniauth (1.2.2) lib/omniauth/failure_endpoint.rb:12:in `call'
  omniauth (1.2.2) lib/omniauth/strategy.rb:475:in `fail!'
  omniauth-oauth2 (1.3.1) lib/omniauth/strategies/oauth2.rb:75:in `callback_phase'
  omniauth (1.2.2) lib/omniauth/strategy.rb:227:in `callback_call'
  omniauth (1.2.2) lib/omniauth/strategy.rb:184:in `call!'
  omniauth (1.2.2) lib/omniauth/strategy.rb:164:in `call'
  omniauth (1.2.2) lib/omniauth/builder.rb:59:in `call'
  rack (1.6.4) lib/rack/etag.rb:24:in `call'
  rack (1.6.4) lib/rack/conditionalget.rb:25:in `call'
  rack (1.6.4) lib/rack/head.rb:13:in `call'
  actionpack (4.2.2) lib/action_dispatch/middleware/params_parser.rb:27:in `call'
  actionpack (4.2.2) lib/action_dispatch/middleware/flash.rb:260:in `call'
  rack (1.6.4) lib/rack/session/abstract/id.rb:225:in `context'
  rack (1.6.4) lib/rack/session/abstract/id.rb:220:in `call'
  actionpack (4.2.2) lib/action_dispatch/middleware/cookies.rb:560:in `call'
  activerecord (4.2.2) lib/active_record/query_cache.rb:36:in `call'
  activerecord (4.2.2) lib/active_record/connection_adapters/abstract/connection_pool.rb:649:in `call'
  activerecord (4.2.2) lib/active_record/migration.rb:378:in `call'
  actionpack (4.2.2) lib/action_dispatch/middleware/callbacks.rb:29:in `block in call'
  activesupport (4.2.2) lib/active_support/callbacks.rb:88:in `call'
  activesupport (4.2.2) lib/active_support/callbacks.rb:88:in `_run_callbacks'
  activesupport (4.2.2) lib/active_support/callbacks.rb:776:in `_run_call_callbacks'
  activesupport (4.2.2) lib/active_support/callbacks.rb:81:in `run_callbacks'
  actionpack (4.2.2) lib/action_dispatch/middleware/callbacks.rb:27:in `call'
  actionpack (4.2.2) lib/action_dispatch/middleware/reloader.rb:73:in `call'
  actionpack (4.2.2) lib/action_dispatch/middleware/remote_ip.rb:78:in `call'
  actionpack (4.2.2) lib/action_dispatch/middleware/debug_exceptions.rb:17:in `call'
  actionpack (4.2.2) lib/action_dispatch/middleware/show_exceptions.rb:30:in `call'
  railties (4.2.2) lib/rails/rack/logger.rb:38:in `call_app'
  railties (4.2.2) lib/rails/rack/logger.rb:20:in `block in call'
  activesupport (4.2.2) lib/active_support/tagged_logging.rb:68:in `block in tagged'
  activesupport (4.2.2) lib/active_support/tagged_logging.rb:26:in `tagged'
  activesupport (4.2.2) lib/active_support/tagged_logging.rb:68:in `tagged'
  railties (4.2.2) lib/rails/rack/logger.rb:20:in `call'
  actionpack (4.2.2) lib/action_dispatch/middleware/request_id.rb:21:in `call'
  rack (1.6.4) lib/rack/methodoverride.rb:22:in `call'
  rack (1.6.4) lib/rack/runtime.rb:18:in `call'
  activesupport (4.2.2) lib/active_support/cache/strategy/local_cache_middleware.rb:28:in `call'
  rack (1.6.4) lib/rack/lock.rb:17:in `call'
  actionpack (4.2.2) lib/action_dispatch/middleware/static.rb:113:in `call'
  rack (1.6.4) lib/rack/sendfile.rb:113:in `call'
  railties (4.2.2) lib/rails/engine.rb:518:in `call'
  railties (4.2.2) lib/rails/application.rb:164:in `call'
  rack (1.6.4) lib/rack/lock.rb:17:in `call'
  rack (1.6.4) lib/rack/content_length.rb:15:in `call'
  rack (1.6.4) lib/rack/handler/webrick.rb:88:in `service'
  /usr/local/lib/ruby/2.0/webrick/httpserver.rb:138:in `service'
  /usr/local/lib/ruby/2.0/webrick/httpserver.rb:94:in `run'
  /usr/local/lib/ruby/2.0/webrick/server.rb:295:in `block in start_thread'


  Rendered /home/jasper/.gem/ruby/2.0/gems/actionpack-4.2.2/lib/action_dispatch/middleware/templates/rescues/_source.erb (2.8ms)
  Rendered /home/jasper/.gem/ruby/2.0/gems/actionpack-4.2.2/lib/action_dispatch/middleware/templates/rescues/_trace.html.erb (1.3ms)
  Rendered /home/jasper/.gem/ruby/2.0/gems/actionpack-4.2.2/lib/action_dispatch/middleware/templates/rescues/_request_and_response.html.erb (0.6ms)
  Rendered /home/jasper/.gem/ruby/2.0/gems/actionpack-4.2.2/lib/action_dispatch/middleware/templates/rescues/diagnostics.html.erb within rescues/layout (14.3ms)


Started GET "/" for 50.38.55.251 at 2015-06-25 14:24:30 -0700
Processing by SessionsController#new as HTML
  Rendered sessions/new.html.erb (0.9ms)
Completed 200 OK in 5ms (Views: 4.5ms | ActiveRecord: 0.0ms)


Started GET "/auth/google_oauth2/callback" for 50.38.55.251 at 2015-06-25 14:24:33 -0700

OmniAuth::Strategies::OAuth2::CallbackError (csrf_detected | CSRF detected):
  omniauth (1.2.2) lib/omniauth/failure_endpoint.rb:25:in `raise_out!'
  omniauth (1.2.2) lib/omniauth/failure_endpoint.rb:20:in `call'
  omniauth (1.2.2) lib/omniauth/failure_endpoint.rb:12:in `call'
  omniauth (1.2.2) lib/omniauth/strategy.rb:475:in `fail!'
  omniauth-oauth2 (1.3.1) lib/omniauth/strategies/oauth2.rb:75:in `callback_phase'
  omniauth (1.2.2) lib/omniauth/strategy.rb:227:in `callback_call'
  omniauth (1.2.2) lib/omniauth/strategy.rb:184:in `call!'
  omniauth (1.2.2) lib/omniauth/strategy.rb:164:in `call'
  omniauth (1.2.2) lib/omniauth/builder.rb:59:in `call'
  rack (1.6.4) lib/rack/etag.rb:24:in `call'
  rack (1.6.4) lib/rack/conditionalget.rb:25:in `call'
  rack (1.6.4) lib/rack/head.rb:13:in `call'
  actionpack (4.2.2) lib/action_dispatch/middleware/params_parser.rb:27:in `call'
  actionpack (4.2.2) lib/action_dispatch/middleware/flash.rb:260:in `call'
  rack (1.6.4) lib/rack/session/abstract/id.rb:225:in `context'
  rack (1.6.4) lib/rack/session/abstract/id.rb:220:in `call'
  actionpack (4.2.2) lib/action_dispatch/middleware/cookies.rb:560:in `call'
  activerecord (4.2.2) lib/active_record/query_cache.rb:36:in `call'
  activerecord (4.2.2) lib/active_record/connection_adapters/abstract/connection_pool.rb:649:in `call'
  activerecord (4.2.2) lib/active_record/migration.rb:378:in `call'
  actionpack (4.2.2) lib/action_dispatch/middleware/callbacks.rb:29:in `block in call'
  activesupport (4.2.2) lib/active_support/callbacks.rb:88:in `call'
  activesupport (4.2.2) lib/active_support/callbacks.rb:88:in `_run_callbacks'
  activesupport (4.2.2) lib/active_support/callbacks.rb:776:in `_run_call_callbacks'
  activesupport (4.2.2) lib/active_support/callbacks.rb:81:in `run_callbacks'
  actionpack (4.2.2) lib/action_dispatch/middleware/callbacks.rb:27:in `call'
  actionpack (4.2.2) lib/action_dispatch/middleware/reloader.rb:73:in `call'
  actionpack (4.2.2) lib/action_dispatch/middleware/remote_ip.rb:78:in `call'
  actionpack (4.2.2) lib/action_dispatch/middleware/debug_exceptions.rb:17:in `call'
  actionpack (4.2.2) lib/action_dispatch/middleware/show_exceptions.rb:30:in `call'
  railties (4.2.2) lib/rails/rack/logger.rb:38:in `call_app'
  railties (4.2.2) lib/rails/rack/logger.rb:20:in `block in call'
  activesupport (4.2.2) lib/active_support/tagged_logging.rb:68:in `block in tagged'
  activesupport (4.2.2) lib/active_support/tagged_logging.rb:26:in `tagged'
  activesupport (4.2.2) lib/active_support/tagged_logging.rb:68:in `tagged'
  railties (4.2.2) lib/rails/rack/logger.rb:20:in `call'
  actionpack (4.2.2) lib/action_dispatch/middleware/request_id.rb:21:in `call'
  rack (1.6.4) lib/rack/methodoverride.rb:22:in `call'
  rack (1.6.4) lib/rack/runtime.rb:18:in `call'
  activesupport (4.2.2) lib/active_support/cache/strategy/local_cache_middleware.rb:28:in `call'
  rack (1.6.4) lib/rack/lock.rb:17:in `call'
  actionpack (4.2.2) lib/action_dispatch/middleware/static.rb:113:in `call'
  rack (1.6.4) lib/rack/sendfile.rb:113:in `call'
  railties (4.2.2) lib/rails/engine.rb:518:in `call'
  railties (4.2.2) lib/rails/application.rb:164:in `call'
  rack (1.6.4) lib/rack/lock.rb:17:in `call'
  rack (1.6.4) lib/rack/content_length.rb:15:in `call'
  rack (1.6.4) lib/rack/handler/webrick.rb:88:in `service'
  /usr/local/lib/ruby/2.0/webrick/httpserver.rb:138:in `service'
  /usr/local/lib/ruby/2.0/webrick/httpserver.rb:94:in `run'
  /usr/local/lib/ruby/2.0/webrick/server.rb:295:in `block in start_thread'


  Rendered /home/jasper/.gem/ruby/2.0/gems/actionpack-4.2.2/lib/action_dispatch/middleware/templates/rescues/_source.erb (2.7ms)
  Rendered /home/jasper/.gem/ruby/2.0/gems/actionpack-4.2.2/lib/action_dispatch/middleware/templates/rescues/_trace.html.erb (1.3ms)
  Rendered /home/jasper/.gem/ruby/2.0/gems/actionpack-4.2.2/lib/action_dispatch/middleware/templates/rescues/_request_and_response.html.erb (0.6ms)
  Rendered /home/jasper/.gem/ruby/2.0/gems/actionpack-4.2.2/lib/action_dispatch/middleware/templates/rescues/diagnostics.html.erb within rescues/layout (14.8ms)


Started GET "/auth/google_oauth2/callback" for 50.38.55.251 at 2015-06-25 14:24:54 -0700

OmniAuth::Strategies::OAuth2::CallbackError (csrf_detected | CSRF detected):
  omniauth (1.2.2) lib/omniauth/failure_endpoint.rb:25:in `raise_out!'
  omniauth (1.2.2) lib/omniauth/failure_endpoint.rb:20:in `call'
  omniauth (1.2.2) lib/omniauth/failure_endpoint.rb:12:in `call'
  omniauth (1.2.2) lib/omniauth/strategy.rb:475:in `fail!'
  omniauth-oauth2 (1.3.1) lib/omniauth/strategies/oauth2.rb:75:in `callback_phase'
  omniauth (1.2.2) lib/omniauth/strategy.rb:227:in `callback_call'
  omniauth (1.2.2) lib/omniauth/strategy.rb:184:in `call!'
  omniauth (1.2.2) lib/omniauth/strategy.rb:164:in `call'
  omniauth (1.2.2) lib/omniauth/builder.rb:59:in `call'
  rack (1.6.4) lib/rack/etag.rb:24:in `call'
  rack (1.6.4) lib/rack/conditionalget.rb:25:in `call'
  rack (1.6.4) lib/rack/head.rb:13:in `call'
  actionpack (4.2.2) lib/action_dispatch/middleware/params_parser.rb:27:in `call'
  actionpack (4.2.2) lib/action_dispatch/middleware/flash.rb:260:in `call'
  rack (1.6.4) lib/rack/session/abstract/id.rb:225:in `context'
  rack (1.6.4) lib/rack/session/abstract/id.rb:220:in `call'
  actionpack (4.2.2) lib/action_dispatch/middleware/cookies.rb:560:in `call'
  activerecord (4.2.2) lib/active_record/query_cache.rb:36:in `call'
  activerecord (4.2.2) lib/active_record/connection_adapters/abstract/connection_pool.rb:649:in `call'
  activerecord (4.2.2) lib/active_record/migration.rb:378:in `call'
  actionpack (4.2.2) lib/action_dispatch/middleware/callbacks.rb:29:in `block in call'
  activesupport (4.2.2) lib/active_support/callbacks.rb:88:in `call'
  activesupport (4.2.2) lib/active_support/callbacks.rb:88:in `_run_callbacks'
  activesupport (4.2.2) lib/active_support/callbacks.rb:776:in `_run_call_callbacks'
  activesupport (4.2.2) lib/active_support/callbacks.rb:81:in `run_callbacks'
  actionpack (4.2.2) lib/action_dispatch/middleware/callbacks.rb:27:in `call'
  actionpack (4.2.2) lib/action_dispatch/middleware/reloader.rb:73:in `call'
  actionpack (4.2.2) lib/action_dispatch/middleware/remote_ip.rb:78:in `call'
  actionpack (4.2.2) lib/action_dispatch/middleware/debug_exceptions.rb:17:in `call'
  actionpack (4.2.2) lib/action_dispatch/middleware/show_exceptions.rb:30:in `call'
  railties (4.2.2) lib/rails/rack/logger.rb:38:in `call_app'
  railties (4.2.2) lib/rails/rack/logger.rb:20:in `block in call'
  activesupport (4.2.2) lib/active_support/tagged_logging.rb:68:in `block in tagged'
  activesupport (4.2.2) lib/active_support/tagged_logging.rb:26:in `tagged'
  activesupport (4.2.2) lib/active_support/tagged_logging.rb:68:in `tagged'
  railties (4.2.2) lib/rails/rack/logger.rb:20:in `call'
  actionpack (4.2.2) lib/action_dispatch/middleware/request_id.rb:21:in `call'
  rack (1.6.4) lib/rack/methodoverride.rb:22:in `call'
  rack (1.6.4) lib/rack/runtime.rb:18:in `call'
  activesupport (4.2.2) lib/active_support/cache/strategy/local_cache_middleware.rb:28:in `call'
  rack (1.6.4) lib/rack/lock.rb:17:in `call'
  actionpack (4.2.2) lib/action_dispatch/middleware/static.rb:113:in `call'
  rack (1.6.4) lib/rack/sendfile.rb:113:in `call'
  railties (4.2.2) lib/rails/engine.rb:518:in `call'
  railties (4.2.2) lib/rails/application.rb:164:in `call'
  rack (1.6.4) lib/rack/lock.rb:17:in `call'
  rack (1.6.4) lib/rack/content_length.rb:15:in `call'
  rack (1.6.4) lib/rack/handler/webrick.rb:88:in `service'
  /usr/local/lib/ruby/2.0/webrick/httpserver.rb:138:in `service'
  /usr/local/lib/ruby/2.0/webrick/httpserver.rb:94:in `run'
  /usr/local/lib/ruby/2.0/webrick/server.rb:295:in `block in start_thread'


  Rendered /home/jasper/.gem/ruby/2.0/gems/actionpack-4.2.2/lib/action_dispatch/middleware/templates/rescues/_source.erb (2.8ms)
  Rendered /home/jasper/.gem/ruby/2.0/gems/actionpack-4.2.2/lib/action_dispatch/middleware/templates/rescues/_trace.html.erb (1.5ms)
  Rendered /home/jasper/.gem/ruby/2.0/gems/actionpack-4.2.2/lib/action_dispatch/middleware/templates/rescues/_request_and_response.html.erb (0.7ms)
  Rendered /home/jasper/.gem/ruby/2.0/gems/actionpack-4.2.2/lib/action_dispatch/middleware/templates/rescues/diagnostics.html.erb within rescues/layout (14.8ms)


Started GET "/auth/google_oauth2" for 50.38.55.251 at 2015-06-25 14:25:00 -0700


Started GET "/" for 50.38.55.251 at 2015-06-25 14:25:14 -0700
Processing by SessionsController#new as HTML
  Rendered sessions/new.html.erb (0.4ms)
Completed 200 OK in 1ms (Views: 1.1ms | ActiveRecord: 0.0ms)


Started GET "/auth/google_oauth2" for 50.38.55.251 at 2015-06-25 14:25:16 -0700


Started GET "/auth/google_oauth2/callback?error=access_denied&state=b17c2df63568a16added63d2ead716d63411991be6b07665" for 50.38.55.251 at 2015-06-25 14:25:34 -0700

OmniAuth::Strategies::OAuth2::CallbackError (access_denied):
  omniauth (1.2.2) lib/omniauth/failure_endpoint.rb:25:in `raise_out!'
  omniauth (1.2.2) lib/omniauth/failure_endpoint.rb:20:in `call'
  omniauth (1.2.2) lib/omniauth/failure_endpoint.rb:12:in `call'
  omniauth (1.2.2) lib/omniauth/strategy.rb:475:in `fail!'
  omniauth-oauth2 (1.3.1) lib/omniauth/strategies/oauth2.rb:73:in `callback_phase'
  omniauth (1.2.2) lib/omniauth/strategy.rb:227:in `callback_call'
  omniauth (1.2.2) lib/omniauth/strategy.rb:184:in `call!'
  omniauth (1.2.2) lib/omniauth/strategy.rb:164:in `call'
  omniauth (1.2.2) lib/omniauth/builder.rb:59:in `call'
  rack (1.6.4) lib/rack/etag.rb:24:in `call'
  rack (1.6.4) lib/rack/conditionalget.rb:25:in `call'
  rack (1.6.4) lib/rack/head.rb:13:in `call'
  actionpack (4.2.2) lib/action_dispatch/middleware/params_parser.rb:27:in `call'
  actionpack (4.2.2) lib/action_dispatch/middleware/flash.rb:260:in `call'
  rack (1.6.4) lib/rack/session/abstract/id.rb:225:in `context'
  rack (1.6.4) lib/rack/session/abstract/id.rb:220:in `call'
  actionpack (4.2.2) lib/action_dispatch/middleware/cookies.rb:560:in `call'
  activerecord (4.2.2) lib/active_record/query_cache.rb:36:in `call'
  activerecord (4.2.2) lib/active_record/connection_adapters/abstract/connection_pool.rb:649:in `call'
  activerecord (4.2.2) lib/active_record/migration.rb:378:in `call'
  actionpack (4.2.2) lib/action_dispatch/middleware/callbacks.rb:29:in `block in call'
  activesupport (4.2.2) lib/active_support/callbacks.rb:88:in `call'
  activesupport (4.2.2) lib/active_support/callbacks.rb:88:in `_run_callbacks'
  activesupport (4.2.2) lib/active_support/callbacks.rb:776:in `_run_call_callbacks'
  activesupport (4.2.2) lib/active_support/callbacks.rb:81:in `run_callbacks'
  actionpack (4.2.2) lib/action_dispatch/middleware/callbacks.rb:27:in `call'
  actionpack (4.2.2) lib/action_dispatch/middleware/reloader.rb:73:in `call'
  actionpack (4.2.2) lib/action_dispatch/middleware/remote_ip.rb:78:in `call'
  actionpack (4.2.2) lib/action_dispatch/middleware/debug_exceptions.rb:17:in `call'
  actionpack (4.2.2) lib/action_dispatch/middleware/show_exceptions.rb:30:in `call'
  railties (4.2.2) lib/rails/rack/logger.rb:38:in `call_app'
  railties (4.2.2) lib/rails/rack/logger.rb:20:in `block in call'
  activesupport (4.2.2) lib/active_support/tagged_logging.rb:68:in `block in tagged'
  activesupport (4.2.2) lib/active_support/tagged_logging.rb:26:in `tagged'
  activesupport (4.2.2) lib/active_support/tagged_logging.rb:68:in `tagged'
  railties (4.2.2) lib/rails/rack/logger.rb:20:in `call'
  actionpack (4.2.2) lib/action_dispatch/middleware/request_id.rb:21:in `call'
  rack (1.6.4) lib/rack/methodoverride.rb:22:in `call'
  rack (1.6.4) lib/rack/runtime.rb:18:in `call'
  activesupport (4.2.2) lib/active_support/cache/strategy/local_cache_middleware.rb:28:in `call'
  rack (1.6.4) lib/rack/lock.rb:17:in `call'
  actionpack (4.2.2) lib/action_dispatch/middleware/static.rb:113:in `call'
  rack (1.6.4) lib/rack/sendfile.rb:113:in `call'
  railties (4.2.2) lib/rails/engine.rb:518:in `call'
  railties (4.2.2) lib/rails/application.rb:164:in `call'
  rack (1.6.4) lib/rack/lock.rb:17:in `call'
  rack (1.6.4) lib/rack/content_length.rb:15:in `call'
  rack (1.6.4) lib/rack/handler/webrick.rb:88:in `service'
  /usr/local/lib/ruby/2.0/webrick/httpserver.rb:138:in `service'
  /usr/local/lib/ruby/2.0/webrick/httpserver.rb:94:in `run'
  /usr/local/lib/ruby/2.0/webrick/server.rb:295:in `block in start_thread'


  Rendered /home/jasper/.gem/ruby/2.0/gems/actionpack-4.2.2/lib/action_dispatch/middleware/templates/rescues/_source.erb (2.8ms)
  Rendered /home/jasper/.gem/ruby/2.0/gems/actionpack-4.2.2/lib/action_dispatch/middleware/templates/rescues/_trace.html.erb (1.4ms)
  Rendered /home/jasper/.gem/ruby/2.0/gems/actionpack-4.2.2/lib/action_dispatch/middleware/templates/rescues/_request_and_response.html.erb (0.7ms)
  Rendered /home/jasper/.gem/ruby/2.0/gems/actionpack-4.2.2/lib/action_dispatch/middleware/templates/rescues/diagnostics.html.erb within rescues/layout (14.4ms)


Started GET "/" for 50.38.55.251 at 2015-06-25 14:25:48 -0700
Processing by SessionsController#new as HTML
  Rendered sessions/new.html.erb (0.1ms)
Completed 200 OK in 1ms (Views: 0.9ms | ActiveRecord: 0.0ms)


Started GET "/auth/google_oauth2" for 50.38.55.251 at 2015-06-25 14:25:50 -0700


Started GET "/auth/google_oauth2/callback?state=276f5a9e6abe29886adcb744931e2a6b93d80770c5285669&code=4/Y7KmhED9XAId-F6ZhzU15xC1Arbyjscx9mREvKSIv-A" for 50.38.55.251 at 2015-06-25 14:25:59 -0700
Processing by SessionsController#create as HTML
  Parameters: {"state"=>"276f5a9e6abe29886adcb744931e2a6b93d80770c5285669", "code"=>"4/Y7KmhED9XAId-F6ZhzU15xC1Arbyjscx9mREvKSIv-A", "provider"=>"google_oauth2"}
  Rendered sessions/create.html.erb (0.4ms)
Completed 200 OK in 1ms (Views: 1.2ms | ActiveRecord: 0.0ms)
  [1m[36m (2.1ms)[0m  [1mCREATE TABLE "schema_migrations" ("version" varchar NOT NULL) [0m
  [1m[35m (0.1ms)[0m  select sqlite_version(*)
  [1m[36m (1.3ms)[0m  [1mCREATE UNIQUE INDEX "unique_schema_migrations" ON "schema_migrations" ("version")[0m
  [1m[35mActiveRecord::SchemaMigration Load (0.1ms)[0m  SELECT "schema_migrations".* FROM "schema_migrations"
Migrating to CreateTokens (20150625213302)
  [1m[36m (0.1ms)[0m  [1mbegin transaction[0m
  [1m[35m (0.3ms)[0m  CREATE TABLE "tokens" ("id" INTEGER PRIMARY KEY AUTOINCREMENT NOT NULL, "access_token" varchar, "refresh_token" varchar, "expires_at" datetime, "created_at" datetime NOT NULL, "updated_at" datetime NOT NULL) 
  [1m[36mSQL (0.2ms)[0m  [1mINSERT INTO "schema_migrations" ("version") VALUES (?)[0m  [["version", "20150625213302"]]
  [1m[35m (1.0ms)[0m  commit transaction
  [1m[36mActiveRecord::SchemaMigration Load (0.1ms)[0m  [1mSELECT "schema_migrations".* FROM "schema_migrations"[0m


Started GET "/" for 50.38.55.251 at 2015-06-25 14:37:35 -0700
  [1m[36mActiveRecord::SchemaMigration Load (0.1ms)[0m  [1mSELECT "schema_migrations".* FROM "schema_migrations"[0m
Processing by SessionsController#new as HTML
  Rendered sessions/new.html.erb (0.1ms)
Completed 200 OK in 1ms (Views: 0.9ms | ActiveRecord: 0.0ms)


Started GET "/auth/google_oauth2" for 50.38.55.251 at 2015-06-25 14:37:37 -0700


Started GET "/auth/google_oauth2/callback?state=24b907dfc0059a16b146287d06aecce36342a4b10ba218b5&code=4/etvwpRTN9WzBEU5hMJ-aKAxT8-XL5osDKk5X-yXJmb4" for 50.38.55.251 at 2015-06-25 14:37:42 -0700
Processing by SessionsController#create as HTML
  Parameters: {"state"=>"24b907dfc0059a16b146287d06aecce36342a4b10ba218b5", "code"=>"4/etvwpRTN9WzBEU5hMJ-aKAxT8-XL5osDKk5X-yXJmb4", "provider"=>"google_oauth2"}
  [1m[35m (0.1ms)[0m  begin transaction
  [1m[36mSQL (0.5ms)[0m  [1mINSERT INTO "tokens" ("access_token", "refresh_token", "expires_at", "created_at", "updated_at") VALUES (?, ?, ?, ?, ?)[0m  [["access_token", "ya29.nQEvROCnP_ekZnibirx3kvadSNam3Kjd-HuJeUAPR90cRzU3194VAlohJzW0rwEnVhHa48R5PEjxIQ"], ["refresh_token", "1/sRXEZrn4UOQT6Azip3KCqDekHFcUZybteYgrbDwLLyFIgOrJDtdun6zK6XiATCKT"], ["expires_at", "2015-06-25 22:37:42.000000"], ["created_at", "2015-06-25 21:37:42.648906"], ["updated_at", "2015-06-25 21:37:42.648906"]]
  [1m[35m (1.1ms)[0m  commit transaction
  Rendered sessions/create.html.erb (0.1ms)
Completed 200 OK in 13ms (Views: 0.9ms | ActiveRecord: 2.1ms)
  [1m[36mToken Load (0.1ms)[0m  [1mSELECT  "tokens".* FROM "tokens"  ORDER BY "tokens"."id" DESC LIMIT 1[0m
  [1m[35mToken Load (0.2ms)[0m  SELECT  "tokens".* FROM "tokens"  ORDER BY "tokens"."id" DESC LIMIT 1
  [1m[36mToken Load (0.1ms)[0m  [1mSELECT  "tokens".* FROM "tokens"  ORDER BY "tokens"."id" DESC LIMIT 1[0m
  [1m[35mToken Load (0.1ms)[0m  SELECT  "tokens".* FROM "tokens"  ORDER BY "tokens"."id" DESC LIMIT 1
  [1m[36mToken Load (0.2ms)[0m  [1mSELECT  "tokens".* FROM "tokens"  ORDER BY "tokens"."id" DESC LIMIT 1[0m
  [1m[35mToken Load (0.3ms)[0m  SELECT  "tokens".* FROM "tokens" WHERE "tokens"."id" = ? LIMIT 1  [["id", 1]]
  [1m[36mToken Load (0.1ms)[0m  [1mSELECT  "tokens".* FROM "tokens"  ORDER BY "tokens"."id" DESC LIMIT 1[0m
  [1m[35m (0.2ms)[0m  begin transaction
  [1m[36mSQL (0.6ms)[0m  [1mUPDATE "tokens" SET "access_token" = ?, "expires_at" = ?, "updated_at" = ? WHERE "tokens"."id" = ?[0m  [["access_token", nil], ["expires_at", "2015-06-25 21:56:21.237375"], ["updated_at", "2015-06-25 21:56:21.240042"], ["id", 1]]
  [1m[35m (1.2ms)[0m  commit transaction
  [1m[36m (0.1ms)[0m  [1mbegin transaction[0m
  [1m[35mSQL (0.2ms)[0m  UPDATE "tokens" SET "expires_at" = ?, "updated_at" = ? WHERE "tokens"."id" = ?  [["expires_at", "2015-06-25 21:56:35.131678"], ["updated_at", "2015-06-25 21:56:35.132369"], ["id", 1]]
  [1m[36m (1.0ms)[0m  [1mcommit transaction[0m
  [1m[36mToken Load (0.1ms)[0m  [1mSELECT  "tokens".* FROM "tokens"  ORDER BY "tokens"."id" DESC LIMIT 1[0m
  [1m[35m (0.2ms)[0m  begin transaction
  [1m[36mSQL (0.7ms)[0m  [1mUPDATE "tokens" SET "access_token" = ?, "expires_at" = ?, "updated_at" = ? WHERE "tokens"."id" = ?[0m  [["access_token", "ya29.nQHITihU-JcOgyWvaujqvFO9HU30TPDacBMlJJs-W17azEmtiprhWhRV55WuALXsB41mBurVnolExw"], ["expires_at", "2015-06-25 22:57:47.480470"], ["updated_at", "2015-06-25 21:57:47.483846"], ["id", 1]]
  [1m[35m (1.2ms)[0m  commit transaction
  [1m[36mToken Load (0.1ms)[0m  [1mSELECT  "tokens".* FROM "tokens"  ORDER BY "tokens"."id" DESC LIMIT 1[0m
  [1m[35m (0.1ms)[0m  begin transaction
  [1m[36mSQL (0.1ms)[0m  [1mUPDATE "tokens" SET "access_token" = ?, "expires_at" = ?, "updated_at" = ? WHERE "tokens"."id" = ?[0m  [["access_token", "ya29.nQH2lG-2tLVy_MLVHn4r5OtntfdMSx0Z6gBlPGH1OuHssFdGywQyETeXVhOZJD9frGHVd-FqZnKNyQ"], ["expires_at", "2015-06-25 22:57:55.905804"], ["updated_at", "2015-06-25 21:57:55.906438"], ["id", 1]]
  [1m[35m (1.0ms)[0m  commit transaction
  [1m[36mToken Load (0.1ms)[0m  [1mSELECT  "tokens".* FROM "tokens"  ORDER BY "tokens"."id" DESC LIMIT 1[0m
  [1m[35m (0.1ms)[0m  begin transaction
  [1m[36mSQL (0.1ms)[0m  [1mUPDATE "tokens" SET "access_token" = ?, "expires_at" = ?, "updated_at" = ? WHERE "tokens"."id" = ?[0m  [["access_token", "ya29.nQGFWtKKkIKwfk4itXvYhdaMJJT5phSDogPzvxfv-hfz1Gvna1MWHQMpzs8D0HkMT0Cng7aAdBwVPA"], ["expires_at", "2015-06-25 22:58:14.295481"], ["updated_at", "2015-06-25 21:58:14.296096"], ["id", 1]]
  [1m[35m (1.0ms)[0m  commit transaction
  [1m[36m (0.1ms)[0m  [1mbegin transaction[0m
  [1m[35mSQL (0.1ms)[0m  UPDATE "tokens" SET "access_token" = ?, "expires_at" = ?, "updated_at" = ? WHERE "tokens"."id" = ?  [["access_token", "ya29.nQELvAmKCif0znYM0CFc24HRDQrbJ6E7vNgwjkl7Fzuhor-SLR6NY0Z2DHMuJ3izy8QAmhxVEV7a1Q"], ["expires_at", "2015-06-25 22:58:23.985836"], ["updated_at", "2015-06-25 21:58:23.986675"], ["id", 1]]
  [1m[36m (1.0ms)[0m  [1mcommit transaction[0m
